Removed Pin From Net: NetName=PE0 Pin=Stepper-1
Removed Pin From Net: NetName=V5VSTM Pin=Stepper-2
Removed Pin From Net: NetName=V5VSTM Pin=Stepper-3
Removed Pin From Net: NetName=V5VSTM Pin=Stepper-4
Removed Pin From Net: NetName=PE1 Pin=Stepper-5
Removed Pin From Net: NetName=PE2 Pin=Stepper-6
Removed Pin From Net: NetName=PE3 Pin=Stepper-7
Removed Pin From Net: NetName=PE4 Pin=Stepper-8
Removed Pin From Net: NetName=V12V Pin=Stepper-9
Removed Pin From Net: NetName=GND Pin=Stepper-10
Removed Pin From Net: NetName=NetP-motor_1 Pin=Stepper-11
Removed Pin From Net: NetName=NetP-motor_2 Pin=Stepper-12
Removed Pin From Net: NetName=NetP-motor_3 Pin=Stepper-13
Removed Pin From Net: NetName=NetP-motor_4 Pin=Stepper-14
Removed Pin From Net: NetName=V5VSTM Pin=Stepper-15
Removed Pin From Net: NetName=GND Pin=Stepper-16
Removed Member From Class: ClassName=Alim Member=Stepper
Added Component: Designator=Step(stepper)
Added Pin To Net: NetName=PE0 Pin=Step-1
Added Pin To Net: NetName=V5VSTM Pin=Step-2
Added Pin To Net: NetName=V5VSTM Pin=Step-3
Added Pin To Net: NetName=V5VSTM Pin=Step-4
Added Pin To Net: NetName=PE1 Pin=Step-5
Added Pin To Net: NetName=PE2 Pin=Step-6
Added Pin To Net: NetName=PE3 Pin=Step-7
Added Pin To Net: NetName=PE4 Pin=Step-8
Added Pin To Net: NetName=V12V Pin=Step-9
Added Pin To Net: NetName=GND Pin=Step-10
Added Pin To Net: NetName=NetP-motor_1 Pin=Step-11
Added Pin To Net: NetName=NetP-motor_2 Pin=Step-12
Added Pin To Net: NetName=NetP-motor_3 Pin=Step-13
Added Pin To Net: NetName=NetP-motor_4 Pin=Step-14
Added Pin To Net: NetName=V5VSTM Pin=Step-15
Added Pin To Net: NetName=GND Pin=Step-16
Added Member To Class: ClassName=Alim Member=Component Fuse 3A Fuse 8A
Added Member To Class: ClassName=Alim Member=Component Step Stepper
Added Room: Name=Alim
