Removed Pin From Net: NetName=PB8 Pin=P-PH1-1
Removed Pin From Net: NetName=PD0 Pin=P-PH1-2
Removed Pin From Net: NetName=PD1 Pin=P-PH1-3
Removed Pin From Net: NetName=PB9 Pin=P-PH2-1
Removed Pin From Net: NetName=PD2 Pin=P-PH2-2
Removed Pin From Net: NetName=PD3 Pin=P-PH2-3
Removed Pin From Net: NetName=PA6 Pin=P-PH3-1
Removed Pin From Net: NetName=PD4 Pin=P-PH3-2
Removed Pin From Net: NetName=PD5 Pin=P-PH3-3
Removed Pin From Net: NetName=PA7 Pin=P-PH4-1
Removed Pin From Net: NetName=PD6 Pin=P-PH4-2
Removed Pin From Net: NetName=PD7 Pin=P-PH4-3
Removed Member From Class: ClassName=Alim Member=P-PH1
Removed Member From Class: ClassName=Alim Member=P-PH2
Removed Member From Class: ClassName=Alim Member=P-PH3
Removed Member From Class: ClassName=Alim Member=P-PH4
Added Component: Designator=P-PH(HDR2X7)
Added Pin To Net: NetName=PD0 Pin=P-PH-1
Added Pin To Net: NetName=PB8 Pin=P-PH-2
Added Pin To Net: NetName=PD1 Pin=P-PH-3
Added Pin To Net: NetName=PD2 Pin=P-PH-4
Added Pin To Net: NetName=PB9 Pin=P-PH-5
Added Pin To Net: NetName=PD3 Pin=P-PH-6
Added Pin To Net: NetName=PD4 Pin=P-PH-7
Added Pin To Net: NetName=PA6 Pin=P-PH-8
Added Pin To Net: NetName=PD5 Pin=P-PH-9
Added Pin To Net: NetName=PD6 Pin=P-PH-10
Added Pin To Net: NetName=PA7 Pin=P-PH-11
Added Pin To Net: NetName=PD7 Pin=P-PH-12
Added Pin To Net: NetName=V5VSTM Pin=P-PH-13
Added Pin To Net: NetName=GND Pin=P-PH-14
Added Member To Class: ClassName=Alim Member=Component P-PH Header 7X2
